{"devicePlatform":"","logFolder":"C:\\Users\\Comes\\git\\KatalonGitTest2\\Reports\\Login_Verification Case\\20180219_132727","runData":{"hostName":"COMES-PC$ - Comes-PC","os":"Windows 7 64bit","katalonVersion":"5.3.0.1","browser":"IE 11","hostAddress":"10.70.32.204","sessionId":"f85a889a-3382-4a62-872e-db4d1af06eb4","seleniumVersion":"3.7.1","proxyInformation":"ProxyInformation{proxyOption\u003dNO_PROXY, proxyServerType\u003dHTTP, password\u003d, proxyServerAddress\u003d, proxyServerPort\u003d0}","platform":"Windows 7"},"type":"TEST_SUITE","name":"Login_Verification Case","id":"Test Suites/Login_Verification Case","source":"","message":"Test Cases/Main Test Case/TC001_Verify Login FAILED because (of) Unable to set text \u0027admin\u0027 of object \u0027Object Repository/Common Test Case_Login/input_txtUsername\u0027 (Root cause: org.openqa.selenium.NoSuchWindowException: Unable to find elements on closed window\nBuild info: version: \u00273.7.1\u0027, revision: \u00278a0099a\u0027, time: \u00272017-11-06T21:07:36.161Z\u0027\nSystem info: host: \u0027COMES-PC\u0027, ip: \u002710.70.32.204\u0027, os.name: \u0027Windows 7\u0027, os.arch: \u0027amd64\u0027, os.version: \u00276.1\u0027, java.version: \u00271.8.0_102\u0027\nDriver info: com.kms.katalon.selenium.driver.CInternetExplorerDriver\nCapabilities {acceptInsecureCerts: false, browserName: internet explorer, browserVersion: 11, javascriptEnabled: true, pageLoadStrategy: normal, platform: WINDOWS, platformName: WINDOWS, se:ieOptions: {browserAttachTimeout: 0, elementScrollBehavior: 0, enablePersistentHover: true, ie.browserCommandLineSwitches: , ie.ensureCleanSession: false, ie.fileUploadDialogTimeout: 3000, ie.forceCreateProcessApi: false, ignoreProtectedModeSettings: false, ignoreZoomSetting: false, initialBrowserUrl: http://localhost:27313/, nativeEvents: true, requireWindowFocus: false}, setWindowRect: true}\nSession ID: f85a889a-3382-4a62-872e-db4d1af06eb4\n*** Element info: {Using\u003dxpath, value\u003d//input[@name \u003d \u0027txtUsername\u0027 and @id \u003d \u0027txtUsername\u0027 and @type \u003d \u0027text\u0027]})","description":"","startTime":1519014449208,"endTime":1519014499071,"childRecords":[{"isOptional":false,"type":"TEST_CASE","name":"Test Cases/Main Test Case/TC001_Verify Login","id":"Test Cases/Main Test Case/TC001_Verify Login","source":"C:\\\\Users\\\\Comes\\\\git\\\\KatalonGitTest2\\\\Test Cases\\\\Main Test Case\\\\TC001_Verify Login.tc","message":"Test Cases/Main Test Case/TC001_Verify Login FAILED because (of) Unable to set text \u0027admin\u0027 of object \u0027Object Repository/Common Test Case_Login/input_txtUsername\u0027 (Root cause: org.openqa.selenium.NoSuchWindowException: Unable to find elements on closed window\nBuild info: version: \u00273.7.1\u0027, revision: \u00278a0099a\u0027, time: \u00272017-11-06T21:07:36.161Z\u0027\nSystem info: host: \u0027COMES-PC\u0027, ip: \u002710.70.32.204\u0027, os.name: \u0027Windows 7\u0027, os.arch: \u0027amd64\u0027, os.version: \u00276.1\u0027, java.version: \u00271.8.0_102\u0027\nDriver info: com.kms.katalon.selenium.driver.CInternetExplorerDriver\nCapabilities {acceptInsecureCerts: false, browserName: internet explorer, browserVersion: 11, javascriptEnabled: true, pageLoadStrategy: normal, platform: WINDOWS, platformName: WINDOWS, se:ieOptions: {browserAttachTimeout: 0, elementScrollBehavior: 0, enablePersistentHover: true, ie.browserCommandLineSwitches: , ie.ensureCleanSession: false, ie.fileUploadDialogTimeout: 3000, ie.forceCreateProcessApi: false, ignoreProtectedModeSettings: false, ignoreZoomSetting: false, initialBrowserUrl: http://localhost:27313/, nativeEvents: true, requireWindowFocus: false}, setWindowRect: true}\nSession ID: f85a889a-3382-4a62-872e-db4d1af06eb4\n*** Element info: {Using\u003dxpath, value\u003d//input[@name \u003d \u0027txtUsername\u0027 and @id \u003d \u0027txtUsername\u0027 and @type \u003d \u0027text\u0027]})","description":"","startTime":1519014449511,"endTime":1519014453678,"childRecords":[{"testStatus":{"stackTrace":"","statusValue":"INFO"},"type":"MESSAGE","name":"","message":"Evaluating variables for test case","startTime":1519014449533,"endTime":0,"childRecords":[],"interuppted":false},{"testStatus":{"stackTrace":"","statusValue":"INFO"},"type":"MESSAGE","name":"","message":"Variable \u0027var_username\u0027 is set to admin","startTime":1519014449535,"endTime":0,"childRecords":[],"interuppted":false},{"testStatus":{"stackTrace":"","statusValue":"INFO"},"type":"MESSAGE","name":"","message":"Variable \u0027var_password\u0027 is set to ","startTime":1519014449535,"endTime":0,"childRecords":[],"interuppted":false},{"testStatus":{"stackTrace":"","statusValue":"INFO"},"type":"MESSAGE","name":"","message":"Variable \u0027var_StatusExpectedResult\u0027 is set to Password cannot be empty","startTime":1519014449536,"endTime":0,"childRecords":[],"interuppted":false},{"testStatus":{"stackTrace":"","statusValue":"INFO"},"type":"MESSAGE","name":"","message":"Start running set up methods for Test Case","startTime":1519014449538,"endTime":0,"childRecords":[],"interuppted":false},{"index":1,"isIgnoredIfFailed":false,"type":"TEST_STEP","name":"Start setup action : setup","message":"Method \u0027setup\u0027 complete successfully","description":"","startTime":1519014449539,"endTime":1519014452783,"childRecords":[{"index":1,"isIgnoredIfFailed":false,"type":"TEST_STEP","name":"openBrowser","message":"Browser is opened with url: \u0027http://opensource.demo.orangehrmlive.com/index.php/auth/login\u0027","description":"","startTime":1519014449895,"endTime":1519014452782,"childRecords":[{"testStatus":{"stackTrace":"","statusValue":"PASSED"},"type":"MESSAGE","name":"","message":"Browser is opened with url: \u0027http://opensource.demo.orangehrmlive.com/index.php/auth/login\u0027","startTime":1519014452781,"endTime":0,"childRecords":[],"interuppted":false}],"interuppted":false},{"testStatus":{"stackTrace":"","statusValue":"PASSED"},"type":"MESSAGE","name":"","message":"Method \u0027setup\u0027 complete successfully","startTime":1519014452783,"endTime":0,"childRecords":[],"interuppted":false}],"interuppted":false},{"index":1,"isIgnoredIfFailed":false,"type":"TEST_STEP","name":"callTestCase","message":"Unable to call Test Case with id \u0027Test Cases/Common Test Case/Login\u0027 (Root cause: Call Test Case \u0027Test Cases/Common Test Case/Login\u0027 failed)","description":"","startTime":1519014452787,"endTime":1519014453120,"childRecords":[{"isOptional":false,"type":"TEST_CASE","name":"Test Cases/Common Test Case/Login","id":"Test Cases/Common Test Case/Login","source":"C:\\\\Users\\\\Comes\\\\git\\\\KatalonGitTest2\\\\Test Cases\\\\Common Test Case\\\\Login.tc","message":"Test Cases/Common Test Case/Login FAILED because (of) Unable to set text \u0027admin\u0027 of object \u0027Object Repository/Common Test Case_Login/input_txtUsername\u0027 (Root cause: org.openqa.selenium.NoSuchWindowException: Unable to find elements on closed window\nBuild info: version: \u00273.7.1\u0027, revision: \u00278a0099a\u0027, time: \u00272017-11-06T21:07:36.161Z\u0027\nSystem info: host: \u0027COMES-PC\u0027, ip: \u002710.70.32.204\u0027, os.name: \u0027Windows 7\u0027, os.arch: \u0027amd64\u0027, os.version: \u00276.1\u0027, java.version: \u00271.8.0_102\u0027\nDriver info: com.kms.katalon.selenium.driver.CInternetExplorerDriver\nCapabilities {acceptInsecureCerts: false, browserName: internet explorer, browserVersion: 11, javascriptEnabled: true, pageLoadStrategy: normal, platform: WINDOWS, platformName: WINDOWS, se:ieOptions: {browserAttachTimeout: 0, elementScrollBehavior: 0, enablePersistentHover: true, ie.browserCommandLineSwitches: , ie.ensureCleanSession: false, ie.fileUploadDialogTimeout: 3000, ie.forceCreateProcessApi: false, ignoreProtectedModeSettings: false, ignoreZoomSetting: false, initialBrowserUrl: http://localhost:27313/, nativeEvents: true, requireWindowFocus: false}, setWindowRect: true}\nSession ID: f85a889a-3382-4a62-872e-db4d1af06eb4\n*** Element info: {Using\u003dxpath, value\u003d//input[@name \u003d \u0027txtUsername\u0027 and @id \u003d \u0027txtUsername\u0027 and @type \u003d \u0027text\u0027]})","description":"","startTime":1519014452880,"endTime":1519014453107,"childRecords":[{"testStatus":{"stackTrace":"","statusValue":"INFO"},"type":"MESSAGE","name":"","message":"Evaluating variables for test case","startTime":1519014452887,"endTime":0,"childRecords":[],"interuppted":false},{"testStatus":{"stackTrace":"","statusValue":"INFO"},"type":"MESSAGE","name":"","message":"Variable \u0027var_username\u0027 is set to admin","startTime":1519014452888,"endTime":0,"childRecords":[],"interuppted":false},{"testStatus":{"stackTrace":"","statusValue":"INFO"},"type":"MESSAGE","name":"","message":"Variable \u0027var_password\u0027 is set to ","startTime":1519014452888,"endTime":0,"childRecords":[],"interuppted":false},{"index":1,"isIgnoredIfFailed":false,"type":"TEST_STEP","name":"setText","message":"Unable to set text \u0027admin\u0027 of object \u0027Object Repository/Common Test Case_Login/input_txtUsername\u0027 (Root cause: org.openqa.selenium.NoSuchWindowException: Unable to find elements on closed window\nBuild info: version: \u00273.7.1\u0027, revision: \u00278a0099a\u0027, time: \u00272017-11-06T21:07:36.161Z\u0027\nSystem info: host: \u0027COMES-PC\u0027, ip: \u002710.70.32.204\u0027, os.name: \u0027Windows 7\u0027, os.arch: \u0027amd64\u0027, os.version: \u00276.1\u0027, java.version: \u00271.8.0_102\u0027\nDriver info: com.kms.katalon.selenium.driver.CInternetExplorerDriver\nCapabilities {acceptInsecureCerts: false, browserName: internet explorer, browserVersion: 11, javascriptEnabled: true, pageLoadStrategy: normal, platform: WINDOWS, platformName: WINDOWS, se:ieOptions: {browserAttachTimeout: 0, elementScrollBehavior: 0, enablePersistentHover: true, ie.browserCommandLineSwitches: , ie.ensureCleanSession: false, ie.fileUploadDialogTimeout: 3000, ie.forceCreateProcessApi: false, ignoreProtectedModeSettings: false, ignoreZoomSetting: false, initialBrowserUrl: http://localhost:27313/, nativeEvents: true, requireWindowFocus: false}, setWindowRect: true}\nSession ID: f85a889a-3382-4a62-872e-db4d1af06eb4\n*** Element info: {Using\u003dxpath, value\u003d//input[@name \u003d \u0027txtUsername\u0027 and @id \u003d \u0027txtUsername\u0027 and @type \u003d \u0027text\u0027]})","description":"","startTime":1519014453004,"endTime":1519014453104,"childRecords":[{"testStatus":{"stackTrace":"","statusValue":"WARNING"},"type":"MESSAGE","name":"","message":"Cannot take screenshot","startTime":1519014453102,"endTime":0,"childRecords":[],"interuppted":false},{"testStatus":{"stackTrace":"","statusValue":"FAILED"},"type":"MESSAGE","name":"","message":"Unable to set text \u0027admin\u0027 of object \u0027Object Repository/Common Test Case_Login/input_txtUsername\u0027 (Root cause: org.openqa.selenium.NoSuchWindowException: Unable to find elements on closed window\nBuild info: version: \u00273.7.1\u0027, revision: \u00278a0099a\u0027, time: \u00272017-11-06T21:07:36.161Z\u0027\nSystem info: host: \u0027COMES-PC\u0027, ip: \u002710.70.32.204\u0027, os.name: \u0027Windows 7\u0027, os.arch: \u0027amd64\u0027, os.version: \u00276.1\u0027, java.version: \u00271.8.0_102\u0027\nDriver info: com.kms.katalon.selenium.driver.CInternetExplorerDriver\nCapabilities {acceptInsecureCerts: false, browserName: internet explorer, browserVersion: 11, javascriptEnabled: true, pageLoadStrategy: normal, platform: WINDOWS, platformName: WINDOWS, se:ieOptions: {browserAttachTimeout: 0, elementScrollBehavior: 0, enablePersistentHover: true, ie.browserCommandLineSwitches: , ie.ensureCleanSession: false, ie.fileUploadDialogTimeout: 3000, ie.forceCreateProcessApi: false, ignoreProtectedModeSettings: false, ignoreZoomSetting: false, initialBrowserUrl: http://localhost:27313/, nativeEvents: true, requireWindowFocus: false}, setWindowRect: true}\nSession ID: f85a889a-3382-4a62-872e-db4d1af06eb4\n*** Element info: {Using\u003dxpath, value\u003d//input[@name \u003d \u0027txtUsername\u0027 and @id \u003d \u0027txtUsername\u0027 and @type \u003d \u0027text\u0027]})","startTime":1519014453103,"endTime":0,"childRecords":[],"interuppted":false}],"interuppted":false},{"testStatus":{"stackTrace":"","statusValue":"FAILED"},"type":"MESSAGE","name":"","message":"Test Cases/Common Test Case/Login FAILED because (of) Unable to set text \u0027admin\u0027 of object \u0027Object Repository/Common Test Case_Login/input_txtUsername\u0027 (Root cause: org.openqa.selenium.NoSuchWindowException: Unable to find elements on closed window\nBuild info: version: \u00273.7.1\u0027, revision: \u00278a0099a\u0027, time: \u00272017-11-06T21:07:36.161Z\u0027\nSystem info: host: \u0027COMES-PC\u0027, ip: \u002710.70.32.204\u0027, os.name: \u0027Windows 7\u0027, os.arch: \u0027amd64\u0027, os.version: \u00276.1\u0027, java.version: \u00271.8.0_102\u0027\nDriver info: com.kms.katalon.selenium.driver.CInternetExplorerDriver\nCapabilities {acceptInsecureCerts: false, browserName: internet explorer, browserVersion: 11, javascriptEnabled: true, pageLoadStrategy: normal, platform: WINDOWS, platformName: WINDOWS, se:ieOptions: {browserAttachTimeout: 0, elementScrollBehavior: 0, enablePersistentHover: true, ie.browserCommandLineSwitches: , ie.ensureCleanSession: false, ie.fileUploadDialogTimeout: 3000, ie.forceCreateProcessApi: false, ignoreProtectedModeSettings: false, ignoreZoomSetting: false, initialBrowserUrl: http://localhost:27313/, nativeEvents: true, requireWindowFocus: false}, setWindowRect: true}\nSession ID: f85a889a-3382-4a62-872e-db4d1af06eb4\n*** Element info: {Using\u003dxpath, value\u003d//input[@name \u003d \u0027txtUsername\u0027 and @id \u003d \u0027txtUsername\u0027 and @type \u003d \u0027text\u0027]})","startTime":1519014453105,"endTime":0,"childRecords":[],"interuppted":false}],"interuppted":false},{"testStatus":{"stackTrace":"","statusValue":"FAILED"},"type":"MESSAGE","name":"","message":"Unable to call Test Case with id \u0027Test Cases/Common Test Case/Login\u0027 (Root cause: Call Test Case \u0027Test Cases/Common Test Case/Login\u0027 failed)","startTime":1519014453113,"endTime":0,"childRecords":[],"interuppted":false}],"interuppted":false},{"testStatus":{"stackTrace":"","statusValue":"FAILED"},"type":"MESSAGE","name":"","message":"Test Cases/Main Test Case/TC001_Verify Login FAILED because (of) Unable to set text \u0027admin\u0027 of object \u0027Object Repository/Common Test Case_Login/input_txtUsername\u0027 (Root cause: org.openqa.selenium.NoSuchWindowException: Unable to find elements on closed window\nBuild info: version: \u00273.7.1\u0027, revision: \u00278a0099a\u0027, time: \u00272017-11-06T21:07:36.161Z\u0027\nSystem info: host: \u0027COMES-PC\u0027, ip: \u002710.70.32.204\u0027, os.name: \u0027Windows 7\u0027, os.arch: \u0027amd64\u0027, os.version: \u00276.1\u0027, java.version: \u00271.8.0_102\u0027\nDriver info: com.kms.katalon.selenium.driver.CInternetExplorerDriver\nCapabilities {acceptInsecureCerts: false, browserName: internet explorer, browserVersion: 11, javascriptEnabled: true, pageLoadStrategy: normal, platform: WINDOWS, platformName: WINDOWS, se:ieOptions: {browserAttachTimeout: 0, elementScrollBehavior: 0, enablePersistentHover: true, ie.browserCommandLineSwitches: , ie.ensureCleanSession: false, ie.fileUploadDialogTimeout: 3000, ie.forceCreateProcessApi: false, ignoreProtectedModeSettings: false, ignoreZoomSetting: false, initialBrowserUrl: http://localhost:27313/, nativeEvents: true, requireWindowFocus: false}, setWindowRect: true}\nSession ID: f85a889a-3382-4a62-872e-db4d1af06eb4\n*** Element info: {Using\u003dxpath, value\u003d//input[@name \u003d \u0027txtUsername\u0027 and @id \u003d \u0027txtUsername\u0027 and @type \u003d \u0027text\u0027]})","startTime":1519014453122,"endTime":0,"childRecords":[],"interuppted":false},{"testStatus":{"stackTrace":"","statusValue":"INFO"},"type":"MESSAGE","name":"","message":"Start running tear down methods for Test Case","startTime":1519014453123,"endTime":0,"childRecords":[],"interuppted":false},{"index":1,"isIgnoredIfFailed":true,"type":"TEST_STEP","name":"Start tear down : teardown","message":"Method \u0027teardown\u0027 complete successfully","description":"","startTime":1519014453125,"endTime":1519014453678,"childRecords":[{"index":1,"isIgnoredIfFailed":false,"type":"TEST_STEP","name":"closeBrowser","message":"Browser is closed","description":"","startTime":1519014453126,"endTime":1519014453677,"childRecords":[{"testStatus":{"stackTrace":"","statusValue":"PASSED"},"type":"MESSAGE","name":"","message":"Browser is closed","startTime":1519014453676,"endTime":0,"childRecords":[],"interuppted":false}],"interuppted":false},{"testStatus":{"stackTrace":"","statusValue":"PASSED"},"type":"MESSAGE","name":"","message":"Method \u0027teardown\u0027 complete successfully","startTime":1519014453677,"endTime":0,"childRecords":[],"interuppted":false}],"interuppted":false}],"interuppted":false},{"isOptional":false,"type":"TEST_CASE","name":"Test Cases/Main Test Case/TC001_Verify Login","id":"Test Cases/Main Test Case/TC001_Verify Login","source":"C:\\\\Users\\\\Comes\\\\git\\\\KatalonGitTest2\\\\Test Cases\\\\Main Test Case\\\\TC001_Verify Login.tc","message":"Test Cases/Main Test Case/TC001_Verify Login has ERROR(s) because (of) Unable to open browser with url: \u0027http://opensource.demo.orangehrmlive.com/index.php/auth/login\u0027 (Root cause: org.openqa.selenium.SessionNotCreatedException: Unexpected error launching Internet Explorer. IELaunchURL() returned HRESULT 80070012 (\u0027더 이상 파일이 없습니다.\u0027) for URL \u0027http://localhost:27231/\u0027\nBuild info: version: \u00273.7.1\u0027, revision: \u00278a0099a\u0027, time: \u00272017-11-06T21:07:36.161Z\u0027\nSystem info: host: \u0027COMES-PC\u0027, ip: \u002710.70.32.204\u0027, os.name: \u0027Windows 7\u0027, os.arch: \u0027amd64\u0027, os.version: \u00276.1\u0027, java.version: \u00271.8.0_102\u0027\nDriver info: driver.version: CInternetExplorerDriver\nremote stacktrace: )","description":"","startTime":1519014453681,"endTime":1519014475761,"childRecords":[{"testStatus":{"stackTrace":"","statusValue":"INFO"},"type":"MESSAGE","name":"","message":"Evaluating variables for test case","startTime":1519014453711,"endTime":0,"childRecords":[],"interuppted":false},{"testStatus":{"stackTrace":"","statusValue":"INFO"},"type":"MESSAGE","name":"","message":"Variable \u0027var_username\u0027 is set to admin","startTime":1519014453711,"endTime":0,"childRecords":[],"interuppted":false},{"testStatus":{"stackTrace":"","statusValue":"INFO"},"type":"MESSAGE","name":"","message":"Variable \u0027var_password\u0027 is set to 123456","startTime":1519014453711,"endTime":0,"childRecords":[],"interuppted":false},{"testStatus":{"stackTrace":"","statusValue":"INFO"},"type":"MESSAGE","name":"","message":"Variable \u0027var_StatusExpectedResult\u0027 is set to Invalid credentials","startTime":1519014453712,"endTime":0,"childRecords":[],"interuppted":false},{"testStatus":{"stackTrace":"","statusValue":"INFO"},"type":"MESSAGE","name":"","message":"Start running set up methods for Test Case","startTime":1519014453712,"endTime":0,"childRecords":[],"interuppted":false},{"index":1,"isIgnoredIfFailed":false,"type":"TEST_STEP","name":"Start setup action : setup","message":"Error occurred when try to run method \u0027setup\u0027 (Root cause: com.kms.katalon.core.exception.StepFailedException - Unable to open browser with url: \u0027http://opensource.demo.orangehrmlive.com/index.php/auth/login\u0027 (Root cause: org.openqa.selenium.SessionNotCreatedException: Unexpected error launching Internet Explorer. IELaunchURL() returned HRESULT 80070012 (\u0027더 이상 파일이 없습니다.\u0027) for URL \u0027http://localhost:27231/\u0027\nBuild info: version: \u00273.7.1\u0027, revision: \u00278a0099a\u0027, time: \u00272017-11-06T21:07:36.161Z\u0027\nSystem info: host: \u0027COMES-PC\u0027, ip: \u002710.70.32.204\u0027, os.name: \u0027Windows 7\u0027, os.arch: \u0027amd64\u0027, os.version: \u00276.1\u0027, java.version: \u00271.8.0_102\u0027\nDriver info: driver.version: CInternetExplorerDriver\nremote stacktrace: ))","description":"","startTime":1519014453713,"endTime":1519014475179,"childRecords":[{"index":1,"isIgnoredIfFailed":false,"type":"TEST_STEP","name":"openBrowser","message":"Unable to open browser with url: \u0027http://opensource.demo.orangehrmlive.com/index.php/auth/login\u0027 (Root cause: org.openqa.selenium.SessionNotCreatedException: Unexpected error launching Internet Explorer. IELaunchURL() returned HRESULT 80070012 (\u0027더 이상 파일이 없습니다.\u0027) for URL \u0027http://localhost:27231/\u0027\nBuild info: version: \u00273.7.1\u0027, revision: \u00278a0099a\u0027, time: \u00272017-11-06T21:07:36.161Z\u0027\nSystem info: host: \u0027COMES-PC\u0027, ip: \u002710.70.32.204\u0027, os.name: \u0027Windows 7\u0027, os.arch: \u0027amd64\u0027, os.version: \u00276.1\u0027, java.version: \u00271.8.0_102\u0027\nDriver info: driver.version: CInternetExplorerDriver\nremote stacktrace: )","description":"","startTime":1519014453714,"endTime":1519014475176,"childRecords":[{"testStatus":{"stackTrace":"","statusValue":"FAILED"},"type":"MESSAGE","name":"","message":"Unable to open browser with url: \u0027http://opensource.demo.orangehrmlive.com/index.php/auth/login\u0027 (Root cause: org.openqa.selenium.SessionNotCreatedException: Unexpected error launching Internet Explorer. IELaunchURL() returned HRESULT 80070012 (\u0027더 이상 파일이 없습니다.\u0027) for URL \u0027http://localhost:27231/\u0027\nBuild info: version: \u00273.7.1\u0027, revision: \u00278a0099a\u0027, time: \u00272017-11-06T21:07:36.161Z\u0027\nSystem info: host: \u0027COMES-PC\u0027, ip: \u002710.70.32.204\u0027, os.name: \u0027Windows 7\u0027, os.arch: \u0027amd64\u0027, os.version: \u00276.1\u0027, java.version: \u00271.8.0_102\u0027\nDriver info: driver.version: CInternetExplorerDriver\nremote stacktrace: )","startTime":1519014475165,"endTime":0,"childRecords":[],"interuppted":false}],"interuppted":false},{"testStatus":{"stackTrace":"","statusValue":"ERROR"},"type":"MESSAGE","name":"","message":"Error occurred when try to run method \u0027setup\u0027 (Root cause: com.kms.katalon.core.exception.StepFailedException - Unable to open browser with url: \u0027http://opensource.demo.orangehrmlive.com/index.php/auth/login\u0027 (Root cause: org.openqa.selenium.SessionNotCreatedException: Unexpected error launching Internet Explorer. IELaunchURL() returned HRESULT 80070012 (\u0027더 이상 파일이 없습니다.\u0027) for URL \u0027http://localhost:27231/\u0027\nBuild info: version: \u00273.7.1\u0027, revision: \u00278a0099a\u0027, time: \u00272017-11-06T21:07:36.161Z\u0027\nSystem info: host: \u0027COMES-PC\u0027, ip: \u002710.70.32.204\u0027, os.name: \u0027Windows 7\u0027, os.arch: \u0027amd64\u0027, os.version: \u00276.1\u0027, java.version: \u00271.8.0_102\u0027\nDriver info: driver.version: CInternetExplorerDriver\nremote stacktrace: ))","startTime":1519014475177,"endTime":0,"childRecords":[],"interuppted":false}],"interuppted":false},{"testStatus":{"stackTrace":"","statusValue":"INFO"},"type":"MESSAGE","name":"","message":"Start running tear down methods for Test Case","startTime":1519014475180,"endTime":0,"childRecords":[],"interuppted":false},{"index":1,"isIgnoredIfFailed":true,"type":"TEST_STEP","name":"Start tear down : teardown","message":"Method \u0027teardown\u0027 complete successfully","description":"","startTime":1519014475180,"endTime":1519014475738,"childRecords":[{"index":1,"isIgnoredIfFailed":false,"type":"TEST_STEP","name":"closeBrowser","message":"Browser is closed","description":"","startTime":1519014475183,"endTime":1519014475731,"childRecords":[{"testStatus":{"stackTrace":"","statusValue":"PASSED"},"type":"MESSAGE","name":"","message":"Browser is closed","startTime":1519014475730,"endTime":0,"childRecords":[],"interuppted":false}],"interuppted":false},{"testStatus":{"stackTrace":"","statusValue":"PASSED"},"type":"MESSAGE","name":"","message":"Method \u0027teardown\u0027 complete successfully","startTime":1519014475734,"endTime":0,"childRecords":[],"interuppted":false}],"interuppted":false},{"testStatus":{"stackTrace":"","statusValue":"ERROR"},"type":"MESSAGE","name":"","message":"Test Cases/Main Test Case/TC001_Verify Login has ERROR(s) because (of) Unable to open browser with url: \u0027http://opensource.demo.orangehrmlive.com/index.php/auth/login\u0027 (Root cause: org.openqa.selenium.SessionNotCreatedException: Unexpected error launching Internet Explorer. IELaunchURL() returned HRESULT 80070012 (\u0027더 이상 파일이 없습니다.\u0027) for URL \u0027http://localhost:27231/\u0027\nBuild info: version: \u00273.7.1\u0027, revision: \u00278a0099a\u0027, time: \u00272017-11-06T21:07:36.161Z\u0027\nSystem info: host: \u0027COMES-PC\u0027, ip: \u002710.70.32.204\u0027, os.name: \u0027Windows 7\u0027, os.arch: \u0027amd64\u0027, os.version: \u00276.1\u0027, java.version: \u00271.8.0_102\u0027\nDriver info: driver.version: CInternetExplorerDriver\nremote stacktrace: )","startTime":1519014475741,"endTime":0,"childRecords":[],"interuppted":false}],"interuppted":false},{"isOptional":false,"type":"TEST_CASE","name":"Test Cases/Main Test Case/TC001_Verify Login","id":"Test Cases/Main Test Case/TC001_Verify Login","source":"C:\\\\Users\\\\Comes\\\\git\\\\KatalonGitTest2\\\\Test Cases\\\\Main Test Case\\\\TC001_Verify Login.tc","message":"Test Cases/Main Test Case/TC001_Verify Login has ERROR(s) because (of) Unable to open browser with url: \u0027http://opensource.demo.orangehrmlive.com/index.php/auth/login\u0027 (Root cause: org.openqa.selenium.SessionNotCreatedException: Unexpected error launching Internet Explorer. IELaunchURL() returned HRESULT 80070012 (\u0027더 이상 파일이 없습니다.\u0027) for URL \u0027http://localhost:27649/\u0027\nBuild info: version: \u00273.7.1\u0027, revision: \u00278a0099a\u0027, time: \u00272017-11-06T21:07:36.161Z\u0027\nSystem info: host: \u0027COMES-PC\u0027, ip: \u002710.70.32.204\u0027, os.name: \u0027Windows 7\u0027, os.arch: \u0027amd64\u0027, os.version: \u00276.1\u0027, java.version: \u00271.8.0_102\u0027\nDriver info: driver.version: CInternetExplorerDriver\nremote stacktrace: )","description":"","startTime":1519014475772,"endTime":1519014499035,"childRecords":[{"testStatus":{"stackTrace":"","statusValue":"INFO"},"type":"MESSAGE","name":"","message":"Evaluating variables for test case","startTime":1519014475796,"endTime":0,"childRecords":[],"interuppted":false},{"testStatus":{"stackTrace":"","statusValue":"INFO"},"type":"MESSAGE","name":"","message":"Variable \u0027var_username\u0027 is set to admin","startTime":1519014475796,"endTime":0,"childRecords":[],"interuppted":false},{"testStatus":{"stackTrace":"","statusValue":"INFO"},"type":"MESSAGE","name":"","message":"Variable \u0027var_password\u0027 is set to admin","startTime":1519014475797,"endTime":0,"childRecords":[],"interuppted":false},{"testStatus":{"stackTrace":"","statusValue":"INFO"},"type":"MESSAGE","name":"","message":"Variable \u0027var_StatusExpectedResult\u0027 is set to Welcome Admin","startTime":1519014475798,"endTime":0,"childRecords":[],"interuppted":false},{"testStatus":{"stackTrace":"","statusValue":"INFO"},"type":"MESSAGE","name":"","message":"Start running set up methods for Test Case","startTime":1519014475798,"endTime":0,"childRecords":[],"interuppted":false},{"index":1,"isIgnoredIfFailed":false,"type":"TEST_STEP","name":"Start setup action : setup","message":"Error occurred when try to run method \u0027setup\u0027 (Root cause: com.kms.katalon.core.exception.StepFailedException - Unable to open browser with url: \u0027http://opensource.demo.orangehrmlive.com/index.php/auth/login\u0027 (Root cause: org.openqa.selenium.SessionNotCreatedException: Unexpected error launching Internet Explorer. IELaunchURL() returned HRESULT 80070012 (\u0027더 이상 파일이 없습니다.\u0027) for URL \u0027http://localhost:27649/\u0027\nBuild info: version: \u00273.7.1\u0027, revision: \u00278a0099a\u0027, time: \u00272017-11-06T21:07:36.161Z\u0027\nSystem info: host: \u0027COMES-PC\u0027, ip: \u002710.70.32.204\u0027, os.name: \u0027Windows 7\u0027, os.arch: \u0027amd64\u0027, os.version: \u00276.1\u0027, java.version: \u00271.8.0_102\u0027\nDriver info: driver.version: CInternetExplorerDriver\nremote stacktrace: ))","description":"","startTime":1519014475798,"endTime":1519014498501,"childRecords":[{"index":1,"isIgnoredIfFailed":false,"type":"TEST_STEP","name":"openBrowser","message":"Unable to open browser with url: \u0027http://opensource.demo.orangehrmlive.com/index.php/auth/login\u0027 (Root cause: org.openqa.selenium.SessionNotCreatedException: Unexpected error launching Internet Explorer. IELaunchURL() returned HRESULT 80070012 (\u0027더 이상 파일이 없습니다.\u0027) for URL \u0027http://localhost:27649/\u0027\nBuild info: version: \u00273.7.1\u0027, revision: \u00278a0099a\u0027, time: \u00272017-11-06T21:07:36.161Z\u0027\nSystem info: host: \u0027COMES-PC\u0027, ip: \u002710.70.32.204\u0027, os.name: \u0027Windows 7\u0027, os.arch: \u0027amd64\u0027, os.version: \u00276.1\u0027, java.version: \u00271.8.0_102\u0027\nDriver info: driver.version: CInternetExplorerDriver\nremote stacktrace: )","description":"","startTime":1519014475799,"endTime":1519014498487,"childRecords":[{"testStatus":{"stackTrace":"","statusValue":"FAILED"},"type":"MESSAGE","name":"","message":"Unable to open browser with url: \u0027http://opensource.demo.orangehrmlive.com/index.php/auth/login\u0027 (Root cause: org.openqa.selenium.SessionNotCreatedException: Unexpected error launching Internet Explorer. IELaunchURL() returned HRESULT 80070012 (\u0027더 이상 파일이 없습니다.\u0027) for URL \u0027http://localhost:27649/\u0027\nBuild info: version: \u00273.7.1\u0027, revision: \u00278a0099a\u0027, time: \u00272017-11-06T21:07:36.161Z\u0027\nSystem info: host: \u0027COMES-PC\u0027, ip: \u002710.70.32.204\u0027, os.name: \u0027Windows 7\u0027, os.arch: \u0027amd64\u0027, os.version: \u00276.1\u0027, java.version: \u00271.8.0_102\u0027\nDriver info: driver.version: CInternetExplorerDriver\nremote stacktrace: )","startTime":1519014498484,"endTime":0,"childRecords":[],"interuppted":false}],"interuppted":false},{"testStatus":{"stackTrace":"","statusValue":"ERROR"},"type":"MESSAGE","name":"","message":"Error occurred when try to run method \u0027setup\u0027 (Root cause: com.kms.katalon.core.exception.StepFailedException - Unable to open browser with url: \u0027http://opensource.demo.orangehrmlive.com/index.php/auth/login\u0027 (Root cause: org.openqa.selenium.SessionNotCreatedException: Unexpected error launching Internet Explorer. IELaunchURL() returned HRESULT 80070012 (\u0027더 이상 파일이 없습니다.\u0027) for URL \u0027http://localhost:27649/\u0027\nBuild info: version: \u00273.7.1\u0027, revision: \u00278a0099a\u0027, time: \u00272017-11-06T21:07:36.161Z\u0027\nSystem info: host: \u0027COMES-PC\u0027, ip: \u002710.70.32.204\u0027, os.name: \u0027Windows 7\u0027, os.arch: \u0027amd64\u0027, os.version: \u00276.1\u0027, java.version: \u00271.8.0_102\u0027\nDriver info: driver.version: CInternetExplorerDriver\nremote stacktrace: ))","startTime":1519014498489,"endTime":0,"childRecords":[],"interuppted":false}],"interuppted":false},{"testStatus":{"stackTrace":"","statusValue":"INFO"},"type":"MESSAGE","name":"","message":"Start running tear down methods for Test Case","startTime":1519014498502,"endTime":0,"childRecords":[],"interuppted":false},{"index":1,"isIgnoredIfFailed":true,"type":"TEST_STEP","name":"Start tear down : teardown","message":"Method \u0027teardown\u0027 complete successfully","description":"","startTime":1519014498502,"endTime":1519014499031,"childRecords":[{"index":1,"isIgnoredIfFailed":false,"type":"TEST_STEP","name":"closeBrowser","message":"Browser is closed","description":"","startTime":1519014498504,"endTime":1519014499031,"childRecords":[{"testStatus":{"stackTrace":"","statusValue":"PASSED"},"type":"MESSAGE","name":"","message":"Browser is closed","startTime":1519014499030,"endTime":0,"childRecords":[],"interuppted":false}],"interuppted":false},{"testStatus":{"stackTrace":"","statusValue":"PASSED"},"type":"MESSAGE","name":"","message":"Method \u0027teardown\u0027 complete successfully","startTime":1519014499031,"endTime":0,"childRecords":[],"interuppted":false}],"interuppted":false},{"testStatus":{"stackTrace":"","statusValue":"ERROR"},"type":"MESSAGE","name":"","message":"Test Cases/Main Test Case/TC001_Verify Login has ERROR(s) because (of) Unable to open browser with url: \u0027http://opensource.demo.orangehrmlive.com/index.php/auth/login\u0027 (Root cause: org.openqa.selenium.SessionNotCreatedException: Unexpected error launching Internet Explorer. IELaunchURL() returned HRESULT 80070012 (\u0027더 이상 파일이 없습니다.\u0027) for URL \u0027http://localhost:27649/\u0027\nBuild info: version: \u00273.7.1\u0027, revision: \u00278a0099a\u0027, time: \u00272017-11-06T21:07:36.161Z\u0027\nSystem info: host: \u0027COMES-PC\u0027, ip: \u002710.70.32.204\u0027, os.name: \u0027Windows 7\u0027, os.arch: \u0027amd64\u0027, os.version: \u00276.1\u0027, java.version: \u00271.8.0_102\u0027\nDriver info: driver.version: CInternetExplorerDriver\nremote stacktrace: )","startTime":1519014499032,"endTime":0,"childRecords":[],"interuppted":false}],"interuppted":false}],"interuppted":false}